        -:    0:Source:tests/main/main.c
        -:    0:Graph:coverage/main.gcno
        -:    0:Data:coverage/main.gcda
        -:    0:Runs:1
        -:    1:#include <CUnit/CUnit.h>
        -:    2:#include "../include/leFicheiro_test.h"
        -:    3:#include "../include/gravaFicheiro_test.h"
        -:    4:#include "../include/comandos_test.h" 
        -:    5:#include "../include/condicoes_test.h"
        -:    6:#include "../include/stackMats_test.h" 
        -:    7:#include "../include/listasFunc_test.h" 
        -:    8:#include "../include/queueFunc_test.h" 
        -:    9:#include <stdio.h>
        -:   10:
        1:   11:int main() {
        1:   12:    CU_initialize_registry();
        1:   13:    CU_basic_set_mode(CU_BRM_VERBOSE);
        -:   14:
        1:   15:    CU_pSuite pSuite = NULL;
        -:   16:
        1:   17:    pSuite = CU_add_suite("test_suite", 0, 0);
        -:   18:
        1:   19:    CU_add_test(pSuite, "testar_leMatriz", testar_leMatriz);
        -:   20:    
        1:   21:    CU_add_test(pSuite, "testar_lestackMat", testar_leStackMat);
        -:   22:
        1:   23:    CU_add_test(pSuite, "testar_leFicheiro", testar_leFicheiro);
        -:   24:
        1:   25:    CU_add_test(pSuite, "testar_leNumero", testar_leNumero);
        -:   26:
        1:   27:    CU_add_test(pSuite, "testar_gravaMatriz", testar_gravaMatriz);
        -:   28:
        1:   29:    CU_add_test(pSuite, "testar_gravaStackMats", testar_gravaStackMat);
        -:   30:
        1:   31:    CU_add_test(pSuite, "testar_gravaFicheiro", testar_gravaFicheiro);
        -:   32:     
        1:   33:    CU_add_test(pSuite, "testar_riscar", testar_riscar);
        -:   34:
        1:   35:    CU_add_test(pSuite, "testar_branco", testar_branco);
        -:   36:
        1:   37:    CU_add_test(pSuite, "testar_verifRiscadaOrt", testar_verifRiscadaOrt);
        -:   38:
        1:   39:    CU_add_test(pSuite, "testar_verifBranco", testar_verifBranco);
        -:   40:
        1:   41:    CU_add_test(pSuite, "testar_verificar", testar_verificar);
        -:   42:    
        1:   43:    CU_add_test(pSuite, "testar_verificaCaminho", testar_verificaCaminho);
        -:   44:
        1:   45:    CU_add_test(pSuite, "testar_copiaMatriz", testar_copiaMatriz);
        -:   46:
        1:   47:    CU_add_test(pSuite, "testar_initStackMat", testar_initStackMat);
        -:   48:    
        1:   49:    CU_add_test(pSuite, "testar_isFull", testar_isFull);
        -:   50:
        1:   51:    CU_add_test(pSuite, "testar_initMatriz", testar_initMatriz);
        -:   52:
        1:   53:    CU_add_test(pSuite, "testar_push", testar_push);
        -:   54:
        1:   55:    CU_add_test(pSuite, "testar_pop", testar_pop);
        -:   56:
        1:   57:    CU_add_test(pSuite, "testar_isEmpty", testar_isEmpty);
        -:   58:    
        1:   59:    CU_add_test(pSuite, "testar_posPertencente", testar_posPertence);
        -:   60:    
        1:   61:    CU_add_test(pSuite, "testar_listasIguais", testar_listasIguais);
        -:   62:
        1:   63:    CU_add_test(pSuite, "testar_pertenceAoGrupo", testar_pertenceAoGrupo);
        -:   64:
        1:   65:    CU_add_test(pSuite, "testar_adicionarPos", testar_adicionarPos);
        -:   66:
        1:   67:    CU_add_test(pSuite, "testar_adicionarLista", testar_adicionarLista);
        -:   68:
        1:   69:    CU_add_test(pSuite, "testar_initQueue", testar_initQueue);
        -:   70:
        1:   71:    CU_add_test(pSuite, "testar_isEmptyQ", testar_isEmptyQ);
        -:   72:
        1:   73:    CU_add_test(pSuite, "testar_enqueue", testar_enqueue);
        -:   74:
        1:   75:    CU_add_test(pSuite, "testar_dequeue", testar_dequeue);
        -:   76:
        1:   77:    CU_basic_run_tests();
        1:   78:    return CU_get_error();
        -:   79:  }
